<?xml version="1.0" encoding="UTF-8"?>
<!-- Generated by org.testng.reporters.JUnitReportReporter -->
<testsuite skipped="0" hostname="Abhishek" name="automation.login.PlaceOrder" tests="1" failures="0" timestamp="2020-05-31T00:56:33 IST" time="30.867" errors="0">
  <testcase name="placeOrder" time="30.867" classname="automation.login.PlaceOrder"/>
  <system-out/>
</testsuite> <!-- automation.login.PlaceOrder -->
