<?xml version="1.0" encoding="UTF-8"?>
<!-- Generated by org.testng.reporters.JUnitReportReporter -->
<testsuite skipped="0" hostname="Abhishek" name="automation.login.signIn" tests="1" failures="0" timestamp="2020-05-30T18:26:57 IST" time="8.992" errors="0">
  <testcase name="register" time="8.992" classname="automation.login.signIn"/>
  <system-out/>
</testsuite> <!-- automation.login.signIn -->
