<?xml version="1.0" encoding="UTF-8"?>
<!-- Generated by org.testng.reporters.JUnitReportReporter -->
<testsuite skipped="0" hostname="Abhishek" name="automation.login.LoginWithRegisteredUser" tests="1" failures="0" timestamp="2020-05-30T19:57:32 IST" time="5.312" errors="0">
  <testcase name="LoginAndVerify" time="5.312" classname="automation.login.LoginWithRegisteredUser"/>
  <system-out/>
</testsuite> <!-- automation.login.LoginWithRegisteredUser -->
